Removed Pin From Net: NetName=GND Pin=R3-1
Removed Pin From Net: NetName=GND Pin=R4-1
Removed Pin From Net: NetName=NetM2_1 Pin=R11-1
Removed Pin From Net: NetName=NetM1_1 Pin=R12-1
Removed Pin From Net: NetName=GND Pin=R12-2
Removed Pin From Net: NetName=GND Pin=R21-1
Removed Pin From Net: NetName=GND Pin=R22-1
Removed Pin From Net: NetName=NetM3_1 Pin=R23-1
Removed Pin From Net: NetName=GND Pin=R23-2
Removed Pin From Net: NetName=NetM4_1 Pin=R24-1
Removed Pin From Net: NetName=GND Pin=R24-2
Removed Pin From Net: NetName=NetM3_1 Pin=RPI1-13
Removed Pin From Net: NetName=NetM2_1 Pin=RPI1-37
Removed Pin From Net: NetName=NetM4_1 Pin=RPI1-38
Removed Pin From Net: NetName=NetRPI1_26 Pin=U1-10
Removed Pin From Net: NetName=NetRPI1_21 Pin=U1-11
Removed Pin From Net: NetName=NetRPI1_22 Pin=U1-12
Removed Member From Class: ClassName=RPI 3 Member=Actuator 1
Removed Member From Class: ClassName=RPI 3 Member=Actuator 2
Removed Member From Class: ClassName=RPI 3 Member=R12
Removed Member From Class: ClassName=RPI 3 Member=R13
Removed Member From Class: ClassName=RPI 3 Member=R14
Removed Member From Class: ClassName=RPI 3 Member=R21
Removed Member From Class: ClassName=RPI 3 Member=R22
Removed Member From Class: ClassName=RPI 3 Member=R23
Removed Member From Class: ClassName=RPI 3 Member=R24
Change Component Footprint: Designator=R1 Old Footprint=RESC1005X40X25LL05T10 New Footprint=RESC0402(1005)_L
Change Component Footprint: Designator=R2 Old Footprint=RESC1005X40X25LL05T10 New Footprint=RESC0402(1005)_L
Change Component Footprint: Designator=R3 Old Footprint=RESC1005X40X25LL05T10 New Footprint=RESC0402(1005)_L
Change Component Footprint: Designator=R4 Old Footprint=RESC1005X40X25LL05T10 New Footprint=RESC0402(1005)_L
Change Component Comment : Designator=R1 Old Comment=RES New Comment=Resistor 10K  +/-1 % 0402 63 mW
Change Component Comment : Designator=R2 Old Comment=RES New Comment=Resistor 10K  +/-1 % 0402 63 mW
Change Component Comment : Designator=R3 Old Comment=RES New Comment=Resistor 10K  +/-1 % 0402 63 mW
Change Component Comment : Designator=R4 Old Comment=RES New Comment=Resistor 10K  +/-1 % 0402 63 mW
Change Managed Component Library Link : Designator=R1 Old VaultGUID=2FC50CF3-2D48-4455-9BE5-C21A4225FBD0 New VaultGUID=2FC50CF3-2D48-4455-9BE5-C21A4225FBD0 Old ItemGUID=02f245d4-ad27-4f9c-9268-dea4fe30d354 New ItemGUID=09FE1867-7A9E-4488-9771-756270EA8A63 Old RevisionGUID=acd1e91d-6d57-4e0a-bbc6-58b3510ac2f8 New RevisionGUID=3166B6B1-E55D-4341-A0CB-651B97CF586E
Change Managed Component Library Link : Designator=R2 Old VaultGUID=2FC50CF3-2D48-4455-9BE5-C21A4225FBD0 New VaultGUID=2FC50CF3-2D48-4455-9BE5-C21A4225FBD0 Old ItemGUID=02f245d4-ad27-4f9c-9268-dea4fe30d354 New ItemGUID=09FE1867-7A9E-4488-9771-756270EA8A63 Old RevisionGUID=acd1e91d-6d57-4e0a-bbc6-58b3510ac2f8 New RevisionGUID=3166B6B1-E55D-4341-A0CB-651B97CF586E
Change Managed Component Library Link : Designator=R3 Old VaultGUID=2FC50CF3-2D48-4455-9BE5-C21A4225FBD0 New VaultGUID=2FC50CF3-2D48-4455-9BE5-C21A4225FBD0 Old ItemGUID=02f245d4-ad27-4f9c-9268-dea4fe30d354 New ItemGUID=09FE1867-7A9E-4488-9771-756270EA8A63 Old RevisionGUID=acd1e91d-6d57-4e0a-bbc6-58b3510ac2f8 New RevisionGUID=3166B6B1-E55D-4341-A0CB-651B97CF586E
Change Managed Component Library Link : Designator=R4 Old VaultGUID=2FC50CF3-2D48-4455-9BE5-C21A4225FBD0 New VaultGUID=2FC50CF3-2D48-4455-9BE5-C21A4225FBD0 Old ItemGUID=02f245d4-ad27-4f9c-9268-dea4fe30d354 New ItemGUID=09FE1867-7A9E-4488-9771-756270EA8A63 Old RevisionGUID=acd1e91d-6d57-4e0a-bbc6-58b3510ac2f8 New RevisionGUID=3166B6B1-E55D-4341-A0CB-651B97CF586E
Change component parameters: Designator = "R1" ("R1"); Footprint = "RESC1005X40X25LL05T10"; UniqueID = "\NQUSBJRI" ("\NQUSBJRI")
Change component parameters (AddParameter): Name = "Case/Package"; Value = "0402"; VariantName = "[No Variations]"
Change component parameters (AddParameter): Name = "Max Operating Temperature"; Value = "155°C"; VariantName = "[No Variations]"
Change component parameters (AddParameter): Name = "Min Operating Temperature"; Value = "-55°C"; VariantName = "[No Variations]"
Change component parameters (AddParameter): Name = "Mounting Technology"; Value = ""; VariantName = "[No Variations]"
Change component parameters (AddParameter): Name = "Pins"; Value = "2"; VariantName = "[No Variations]"
Change component parameters (AddParameter): Name = "Power"; Value = "63mW"; VariantName = "[No Variations]"
Change component parameters (AddParameter): Name = "RoHS Compliant"; Value = ""; VariantName = "[No Variations]"
Change component parameters (AddParameter): Name = "Tolerance"; Value = "1%"; VariantName = "[No Variations]"
Change component parameters (AddParameter): Name = "Value"; Value = "10k"; VariantName = "[No Variations]"
Change component parameters (AddParameter): Name = "Voltage Rating"; Value = ""; VariantName = "[No Variations]"
Change component parameters: Designator = "R2" ("R2"); Footprint = "RESC1005X40X25LL05T10"; UniqueID = "\DHLNAMXW" ("\DHLNAMXW")
Change component parameters (AddParameter): Name = "Case/Package"; Value = "0402"; VariantName = "[No Variations]"
Change component parameters (AddParameter): Name = "Max Operating Temperature"; Value = "155°C"; VariantName = "[No Variations]"
Change component parameters (AddParameter): Name = "Min Operating Temperature"; Value = "-55°C"; VariantName = "[No Variations]"
Change component parameters (AddParameter): Name = "Mounting Technology"; Value = ""; VariantName = "[No Variations]"
Change component parameters (AddParameter): Name = "Pins"; Value = "2"; VariantName = "[No Variations]"
Change component parameters (AddParameter): Name = "Power"; Value = "63mW"; VariantName = "[No Variations]"
Change component parameters (AddParameter): Name = "RoHS Compliant"; Value = ""; VariantName = "[No Variations]"
Change component parameters (AddParameter): Name = "Tolerance"; Value = "1%"; VariantName = "[No Variations]"
Change component parameters (AddParameter): Name = "Value"; Value = "10k"; VariantName = "[No Variations]"
Change component parameters (AddParameter): Name = "Voltage Rating"; Value = ""; VariantName = "[No Variations]"
Change component parameters: Designator = "R3" ("R3"); Footprint = "RESC1005X40X25LL05T10"; UniqueID = "\MHOMCJUN" ("\MHOMCJUN")
Change component parameters (AddParameter): Name = "Case/Package"; Value = "0402"; VariantName = "[No Variations]"
Change component parameters (AddParameter): Name = "Max Operating Temperature"; Value = "155°C"; VariantName = "[No Variations]"
Change component parameters (AddParameter): Name = "Min Operating Temperature"; Value = "-55°C"; VariantName = "[No Variations]"
Change component parameters (AddParameter): Name = "Mounting Technology"; Value = ""; VariantName = "[No Variations]"
Change component parameters (AddParameter): Name = "Pins"; Value = "2"; VariantName = "[No Variations]"
Change component parameters (AddParameter): Name = "Power"; Value = "63mW"; VariantName = "[No Variations]"
Change component parameters (AddParameter): Name = "RoHS Compliant"; Value = ""; VariantName = "[No Variations]"
Change component parameters (AddParameter): Name = "Tolerance"; Value = "1%"; VariantName = "[No Variations]"
Change component parameters (AddParameter): Name = "Value"; Value = "10k"; VariantName = "[No Variations]"
Change component parameters (AddParameter): Name = "Voltage Rating"; Value = ""; VariantName = "[No Variations]"
Change component parameters: Designator = "R4" ("R4"); Footprint = "RESC1005X40X25LL05T10"; UniqueID = "\XSJQXAAD" ("\XSJQXAAD")
Change component parameters (AddParameter): Name = "Case/Package"; Value = "0402"; VariantName = "[No Variations]"
Change component parameters (AddParameter): Name = "Max Operating Temperature"; Value = "155°C"; VariantName = "[No Variations]"
Change component parameters (AddParameter): Name = "Min Operating Temperature"; Value = "-55°C"; VariantName = "[No Variations]"
Change component parameters (AddParameter): Name = "Mounting Technology"; Value = ""; VariantName = "[No Variations]"
Change component parameters (AddParameter): Name = "Pins"; Value = "2"; VariantName = "[No Variations]"
Change component parameters (AddParameter): Name = "Power"; Value = "63mW"; VariantName = "[No Variations]"
Change component parameters (AddParameter): Name = "RoHS Compliant"; Value = ""; VariantName = "[No Variations]"
Change component parameters (AddParameter): Name = "Tolerance"; Value = "1%"; VariantName = "[No Variations]"
Change component parameters (AddParameter): Name = "Value"; Value = "10k"; VariantName = "[No Variations]"
Change component parameters (AddParameter): Name = "Voltage Rating"; Value = ""; VariantName = "[No Variations]"
Added Component: Designator=M5(FAIR-SOT23-3_V)
Add component (AddParameter): Name = "Case/Package"; Value = "TO-236-3"; VariantName = "[No Variations]"
Add component (AddParameter): Name = "Datasheet URL"; Value = "https://www.fairchildsemi.com/datasheets/BS/BSS138.pdf"; VariantName = "[No Variations]"
Add component (AddParameter): Name = "Datasheet Version"; Value = "Rev. C, 10/2005"; VariantName = "[No Variations]"
Add component (AddParameter): Name = "Elements"; Value = "1"; VariantName = "[No Variations]"
Add component (AddParameter): Name = "Frequency"; Value = ""; VariantName = "[No Variations]"
Add component (AddParameter): Name = "Input Capacitance"; Value = "27pF"; VariantName = "[No Variations]"
Add component (AddParameter): Name = "Manufacturer"; Value = "Fairchild"; VariantName = "[No Variations]"
Add component (AddParameter): Name = "Max Operating Temperature"; Value = "150°C"; VariantName = "[No Variations]"
Add component (AddParameter): Name = "Min Operating Temperature"; Value = "-55°C"; VariantName = "[No Variations]"
Add component (AddParameter): Name = "Mounting Technology"; Value = "SM"; VariantName = "[No Variations]"
Add component (AddParameter): Name = "Nominal Dual Supply"; Value = ""; VariantName = "[No Variations]"
Add component (AddParameter): Name = "Nominal Dual Supply Voltage"; Value = "50V"; VariantName = "[No Variations]"
Add component (AddParameter): Name = "Nominal Vgs"; Value = "1.3V"; VariantName = "[No Variations]"
Add component (AddParameter): Name = "Package Description"; Value = "3-Pin Small Outline Transistor, Body 2.92 x 1.325 mm, Pitch 0.95 mm"; VariantName = "[No Variations]"
Add component (AddParameter): Name = "Package Quantity"; Value = "1"; VariantName = "[No Variations]"
Add component (AddParameter): Name = "Package Reference"; Value = "SOT23-3"; VariantName = "[No Variations]"
Add component (AddParameter): Name = "Package Version"; Value = "Rev. 12, 03/2016"; VariantName = "[No Variations]"
Add component (AddParameter): Name = "Packaging"; Value = "TapeandReel"; VariantName = "[No Variations]"
Add component (AddParameter): Name = "Pins"; Value = "3"; VariantName = "[No Variations]"
Add component (AddParameter): Name = "Power"; Value = "360mW"; VariantName = "[No Variations]"
Add component (AddParameter): Name = "Rds On Max"; Value = "3.5Ohm"; VariantName = "[No Variations]"
Add component (AddParameter): Name = "Resistance"; Value = "0.7Ohm"; VariantName = "[No Variations]"
Add component (AddParameter): Name = "RoHS Compliant"; Value = "True"; VariantName = "[No Variations]"
Add component (AddParameter): Name = "Transistor Type"; Value = ""; VariantName = "[No Variations]"
Add component (AddParameter): Name = "Typical Rise Time"; Value = "9ns"; VariantName = "[No Variations]"
Add component (AddParameter): Name = "Vgs (Max)"; Value = ""; VariantName = "[No Variations]"
Add component (AddParameter): Name = "Vgs(th) (Max) @ Id"; Value = ""; VariantName = "[No Variations]"
Added Component: Designator=P4(66201221022)
Added Component: Designator=P5(JST-S3B-XH-A(LF)(SN)_V)
Add component (AddParameter): Name = "Case/Package"; Value = "S3B-XH-A(LF)(SN)"; VariantName = "[No Variations]"
Add component (AddParameter): Name = "Connector Type"; Value = "Header"; VariantName = "[No Variations]"
Add component (AddParameter): Name = "Datasheet URL"; Value = "http://www.jst-mfg.com/product/pdf/eng/eXH.pdf"; VariantName = "[No Variations]"
Add component (AddParameter): Name = "Datasheet Version"; Value = "May-16"; VariantName = "[No Variations]"
Add component (AddParameter): Name = "Gender"; Value = "Male"; VariantName = "[No Variations]"
Add component (AddParameter): Name = "Manufacturer"; Value = "JST"; VariantName = "[No Variations]"
Add component (AddParameter): Name = "Manufacturer URL"; Value = "http://www.jst.com/home2.html"; VariantName = "[No Variations]"
Add component (AddParameter): Name = "Max Current Rating"; Value = ""; VariantName = "[No Variations]"
Add component (AddParameter): Name = "Max Operating Temperature"; Value = "85°C"; VariantName = "[No Variations]"
Add component (AddParameter): Name = "Min Operating Temperature"; Value = "-25°C"; VariantName = "[No Variations]"
Add component (AddParameter): Name = "Mounting Technology"; Value = "TH"; VariantName = "[No Variations]"
Add component (AddParameter): Name = "Package Description"; Value = "Male Header, Pitch 2.5 mm, 1 x 3 Position, Height 6.1 mm, Tail Length 3.4 mm"; VariantName = "[No Variations]"
Add component (AddParameter): Name = "Package Reference"; Value = "S3B-XH-A(LF)(SN)"; VariantName = "[No Variations]"
Add component (AddParameter): Name = "Pins"; Value = ""; VariantName = "[No Variations]"
Add component (AddParameter): Name = "RoHS Compliant"; Value = "Unknown"; VariantName = "[No Variations]"
Add component (AddParameter): Name = "Voltage Rating"; Value = ""; VariantName = "[No Variations]"
Added Pin To Net: NetName=GND Pin=M5-2
Added Pin To Net: NetName=+3V3 Pin=P4-3
Added Pin To Net: NetName=+5V Pin=P4-4
Added Pin To Net: NetName=+3V3 Pin=P4-9
Added Pin To Net: NetName=+5V Pin=P4-10
Added Pin To Net: NetName=NetM1_1 Pin=R1-1
Added Pin To Net: NetName=GND Pin=R1-2
Added Pin To Net: NetName=NetM2_1 Pin=R2-1
Added Pin To Net: NetName=GND Pin=R2-2
Added Pin To Net: NetName=NetM3_1 Pin=R3-1
Added Pin To Net: NetName=GND Pin=R3-2
Added Pin To Net: NetName=NetM4_1 Pin=R4-1
Added Pin To Net: NetName=GND Pin=R4-2
Added Pin To Net: NetName=NetM3_1 Pin=RPI1-11
Added Pin To Net: NetName=NetM4_1 Pin=RPI1-13
Added Pin To Net: NetName=NetM2_1 Pin=RPI1-32
Added Pin To Net: NetName=NetRPI1_22 Pin=U1-10
Added Pin To Net: NetName=NetRPI1_19 Pin=U1-11
Added Pin To Net: NetName=NetRPI1_21 Pin=U1-12
Added Pin To Net: NetName=NetM1_3 Pin=M1-3
Added Pin To Net: NetName=NetM1_3 Pin=P4-5
Added Net: Name=NetM1_3
Added Pin To Net: NetName=NetM2_3 Pin=M2-3
Added Pin To Net: NetName=NetM2_3 Pin=P4-11
Added Net: Name=NetM2_3
Added Pin To Net: NetName=NetM3_3 Pin=M3-3
Added Pin To Net: NetName=NetM3_3 Pin=P5-1
Added Net: Name=NetM3_3
Added Pin To Net: NetName=NetM4_3 Pin=M4-3
Added Pin To Net: NetName=NetM4_3 Pin=P5-2
Added Net: Name=NetM4_3
Added Pin To Net: NetName=NetM5_1 Pin=M5-1
Added Pin To Net: NetName=NetM5_1 Pin=R11-1
Added Pin To Net: NetName=NetM5_1 Pin=RPI1-15
Added Net: Name=NetM5_1
Added Pin To Net: NetName=NetM5_3 Pin=M5-3
Added Pin To Net: NetName=NetM5_3 Pin=P5-3
Added Net: Name=NetM5_3
Added Pin To Net: NetName=NetP4_1 Pin=P4-1
Added Pin To Net: NetName=NetP4_1 Pin=RPI1-29
Added Net: Name=NetP4_1
Added Pin To Net: NetName=NetP4_2 Pin=P4-2
Added Pin To Net: NetName=NetP4_2 Pin=RPI1-31
Added Net: Name=NetP4_2
Added Pin To Net: NetName=NetP4_7 Pin=P4-7
Added Pin To Net: NetName=NetP4_7 Pin=RPI1-16
Added Net: Name=NetP4_7
Added Pin To Net: NetName=NetP4_8 Pin=P4-8
Added Pin To Net: NetName=NetP4_8 Pin=RPI1-18
Added Net: Name=NetP4_8
Added Pin To Net: NetName=NetRPI1_12 Pin=RPI1-12
Added Net: Name=NetRPI1_12
Added Pin To Net: NetName=NetRPI1_37 Pin=RPI1-37
Added Net: Name=NetRPI1_37
Added Pin To Net: NetName=NetRPI1_38 Pin=RPI1-38
Added Net: Name=NetRPI1_38
Added Member To Class: ClassName=RPI 3 Member=Component M5 BSS138
Added Member To Class: ClassName=RPI 3 Member=Component P4 66201221022
Added Member To Class: ClassName=RPI 3 Member=Component P5 S3B-XH-A(LF)(SN)
Added Room: Name=RPI 3
